{
  "RSpec": {
    "coverage": {
      "/Users/graham/Sites/delayed/app/controllers/api/departures_controller.rb": [
        1,
        1,
        1,
        1,
        null,
        1,
        1,
        1,
        null,
        1,
        null,
        0,
        null,
        null,
        null
      ],
      "/Users/graham/Sites/delayed/app/controllers/application_controller.rb": [
        1,
        null,
        null,
        null,
        null
      ],
      "/Users/graham/Sites/delayed/lib/timetable.rb": [
        1,
        1,
        1,
        null,
        1,
        12,
        null,
        12,
        93,
        9,
        null,
        null,
        null,
        12,
        null,
        null,
        1,
        8,
        null,
        null,
        1,
        4,
        4,
        3,
        1,
        null,
        0,
        null,
        2,
        null,
        null,
        1,
        null,
        null,
        4,
        null,
        null,
        1,
        2,
        2,
        null,
        null,
        null,
        1,
        1,
        1,
        null,
        null,
        1,
        2,
        2,
        null,
        null,
        1,
        1,
        1,
        null,
        null,
        null
      ],
      "/Users/graham/Sites/delayed/spec/controllers/api/notifications_controller_spec.rb": [
        1,
        null,
        null,
        1,
        1,
        1,
        1,
        1,
        1,
        1,
        null,
        null,
        null,
        null
      ],
      "/Users/graham/Sites/delayed/app/controllers/api/notifications_controller.rb": [
        1,
        null,
        1,
        null,
        1,
        null,
        null,
        null,
        null,
        null,
        null,
        null,
        null,
        null,
        null,
        null,
        1,
        1,
        null,
        0,
        null,
        null,
        1,
        null,
        null
      ],
      "/Users/graham/Sites/delayed/spec/controllers/api/trains_controller_spec.rb": [
        1,
        null,
        null,
        1,
        1,
        1,
        1,
        1,
        null,
        1,
        1,
        1,
        1,
        1,
        1,
        1,
        null,
        null,
        1,
        1,
        1,
        1,
        null,
        null,
        null,
        null
      ],
      "/Users/graham/Sites/delayed/app/controllers/api/trains_controller.rb": [
        1,
        1,
        1,
        null,
        1,
        2,
        1,
        1,
        1,
        1,
        5,
        5,
        5,
        5,
        5,
        5,
        5,
        5,
        5,
        null,
        1,
        null,
        1,
        null,
        null,
        null
      ],
      "/Users/graham/Sites/delayed/spec/lib/appcelerator_cloud_services_spec.rb": [
        1,
        1,
        null,
        1,
        1,
        1,
        1,
        null,
        1,
        null,
        1,
        null,
        null,
        1,
        1,
        1,
        1,
        null,
        1,
        null,
        null,
        null
      ],
      "/Users/graham/Sites/delayed/lib/appcelerator_cloud_services.rb": [
        1,
        1,
        null,
        1,
        0,
        null,
        null,
        0,
        null,
        null,
        null,
        null,
        null,
        null,
        0,
        null,
        null,
        1,
        0,
        null,
        null,
        null,
        null,
        null,
        0,
        0,
        0,
        0,
        0,
        null,
        null,
        1,
        2,
        2,
        null,
        null,
        null
      ],
      "/Users/graham/Sites/delayed/spec/lib/timetable_spec.rb": [
        1,
        1,
        null,
        1,
        1,
        1,
        1,
        1,
        null,
        null,
        1,
        null,
        null,
        1,
        1,
        1,
        null,
        null,
        1,
        null,
        null,
        null,
        1,
        1,
        1,
        1,
        null,
        null,
        1,
        null,
        null,
        1,
        1,
        1,
        null,
        null,
        1,
        null,
        null,
        null,
        1,
        1,
        1,
        1,
        null,
        null,
        1,
        null,
        null,
        null,
        1,
        1,
        1,
        1,
        null,
        null,
        1,
        null,
        null,
        null,
        1,
        1,
        1,
        1,
        null,
        null,
        1,
        null,
        null,
        null,
        1,
        1,
        1,
        1,
        null,
        null,
        1,
        null,
        1,
        1,
        1,
        null,
        null,
        1,
        null,
        1,
        1,
        1,
        null,
        null,
        1,
        null,
        null,
        1,
        1,
        1,
        null,
        null,
        1,
        null,
        null,
        null,
        null
      ],
      "/Users/graham/Sites/delayed/app/models/notification.rb": [
        1,
        null
      ],
      "/Users/graham/Sites/delayed/app/models/sent_notification.rb": [
        1,
        null
      ]
    },
    "timestamp": 1407264818
  }
}
