{
  "RSpec": {
    "coverage": {
      "/Users/grahamhadgraft/Sites/mysites/delayed-web/lib/timetable.rb": [
        1,
        1,
        1,
        null,
        1,
        1,
        null,
        1,
        6,
        1,
        null,
        null,
        null,
        null,
        1,
        1,
        null,
        null,
        1,
        1,
        null,
        1,
        1,
        null,
        0,
        null,
        null,
        0,
        null,
        null,
        null,
        1,
        0,
        0,
        null,
        null,
        null,
        1,
        0,
        0,
        null,
        null,
        1,
        1,
        1,
        null,
        null,
        1,
        0,
        0,
        null,
        null,
        null
      ]
    },
    "timestamp": 1407250361
  }
}
